/home/jonas/Documents/Kamaro/kamarovision/luna_ws/install/luna_description/lib/python3.12/site-packages/luna_description/__init__.py
/home/jonas/Documents/Kamaro/kamarovision/luna_ws/install/luna_description/lib/python3.12/site-packages/luna_description/__pycache__/__init__.cpython-312.pyc
/home/jonas/Documents/Kamaro/kamarovision/luna_ws/install/luna_description/share/ament_index/resource_index/packages/luna_description
/home/jonas/Documents/Kamaro/kamarovision/luna_ws/install/luna_description/share/luna_description/package.xml
/home/jonas/Documents/Kamaro/kamarovision/luna_ws/install/luna_description/share/luna_description/launch/display.launch.py
/home/jonas/Documents/Kamaro/kamarovision/luna_ws/install/luna_description/share/luna_description/resource/xacro/meshes
/home/jonas/Documents/Kamaro/kamarovision/luna_ws/install/luna_description/share/luna_description/resource/xacro/collisions
/home/jonas/Documents/Kamaro/kamarovision/luna_ws/install/luna_description/share/luna_description/resource/xacro
/home/jonas/Documents/Kamaro/kamarovision/luna_ws/install/luna_description/share/luna_description/resource/rviz
/home/jonas/Documents/Kamaro/kamarovision/luna_ws/install/luna_description/share/luna_description/resource/urdf/luna.urdf
/home/jonas/Documents/Kamaro/kamarovision/luna_ws/install/luna_description/share/luna_description/resource/urdf
/home/jonas/Documents/Kamaro/kamarovision/luna_ws/install/luna_description/share/luna_description/config
/home/jonas/Documents/Kamaro/kamarovision/luna_ws/install/luna_description/share/luna_description/meshes
/home/jonas/Documents/Kamaro/kamarovision/luna_ws/install/luna_description/share/luna_description/meshes/3d_modelle/Left_leg
/home/jonas/Documents/Kamaro/kamarovision/luna_ws/install/luna_description/share/luna_description/meshes/3d_modelle/Right_leg
/home/jonas/Documents/Kamaro/kamarovision/luna_ws/install/luna_description/share/luna_description/meshes/3d_modelle
/home/jonas/Documents/Kamaro/kamarovision/luna_ws/install/luna_description/lib/python3.12/site-packages/luna_description-0.0.0-py3.12.egg-info/dependency_links.txt
/home/jonas/Documents/Kamaro/kamarovision/luna_ws/install/luna_description/lib/python3.12/site-packages/luna_description-0.0.0-py3.12.egg-info/PKG-INFO
/home/jonas/Documents/Kamaro/kamarovision/luna_ws/install/luna_description/lib/python3.12/site-packages/luna_description-0.0.0-py3.12.egg-info/zip-safe
/home/jonas/Documents/Kamaro/kamarovision/luna_ws/install/luna_description/lib/python3.12/site-packages/luna_description-0.0.0-py3.12.egg-info/requires.txt
/home/jonas/Documents/Kamaro/kamarovision/luna_ws/install/luna_description/lib/python3.12/site-packages/luna_description-0.0.0-py3.12.egg-info/SOURCES.txt
/home/jonas/Documents/Kamaro/kamarovision/luna_ws/install/luna_description/lib/python3.12/site-packages/luna_description-0.0.0-py3.12.egg-info/top_level.txt
