[0.554s] Invoking command in '/home/jonas/Documents/Kamaro/kamarovision/luna_ws/src/luna_description': DEBUGINFOD_URLS=https://debuginfod.ubuntu.com PYTHONPATH=/home/jonas/Documents/Kamaro/kamarovision/luna_ws/build/luna_description/prefix_override:/usr/lib/python3/dist-packages/colcon_core/task/python/colcon_distutils_commands:/home/jonas/Documents/Kamaro/kamarovision/luna_ws/install/luna_description/lib/python3.12/site-packages: /usr/bin/python3 -W ignore:setup.py install is deprecated setup.py egg_info --egg-base ../../build/luna_description build --build-base /home/jonas/Documents/Kamaro/kamarovision/luna_ws/build/luna_description/build install --record /home/jonas/Documents/Kamaro/kamarovision/luna_ws/build/luna_description/install.log --single-version-externally-managed install_data
[0.729s] running egg_info
[0.739s] writing ../../build/luna_description/luna_description.egg-info/PKG-INFO
[0.739s] writing dependency_links to ../../build/luna_description/luna_description.egg-info/dependency_links.txt
[0.739s] writing requirements to ../../build/luna_description/luna_description.egg-info/requires.txt
[0.740s] writing top-level names to ../../build/luna_description/luna_description.egg-info/top_level.txt
[0.760s] reading manifest file '../../build/luna_description/luna_description.egg-info/SOURCES.txt'
[0.761s] writing manifest file '../../build/luna_description/luna_description.egg-info/SOURCES.txt'
[0.761s] running build
[0.761s] running build_py
[0.761s] running install
[0.767s] running install_lib
[0.777s] running install_data
[0.777s] copying launch/display.launch.py -> /home/jonas/Documents/Kamaro/kamarovision/luna_ws/install/luna_description/share/luna_description
[0.777s] running install_egg_info
[0.788s] removing '/home/jonas/Documents/Kamaro/kamarovision/luna_ws/install/luna_description/lib/python3.12/site-packages/luna_description-0.0.0-py3.12.egg-info' (and everything under it)
[0.788s] Copying ../../build/luna_description/luna_description.egg-info to /home/jonas/Documents/Kamaro/kamarovision/luna_ws/install/luna_description/lib/python3.12/site-packages/luna_description-0.0.0-py3.12.egg-info
[0.789s] running install_scripts
[0.871s] writing list of installed files to '/home/jonas/Documents/Kamaro/kamarovision/luna_ws/build/luna_description/install.log'
[0.895s] Invoked command in '/home/jonas/Documents/Kamaro/kamarovision/luna_ws/src/luna_description' returned '0': DEBUGINFOD_URLS=https://debuginfod.ubuntu.com PYTHONPATH=/home/jonas/Documents/Kamaro/kamarovision/luna_ws/build/luna_description/prefix_override:/usr/lib/python3/dist-packages/colcon_core/task/python/colcon_distutils_commands:/home/jonas/Documents/Kamaro/kamarovision/luna_ws/install/luna_description/lib/python3.12/site-packages: /usr/bin/python3 -W ignore:setup.py install is deprecated setup.py egg_info --egg-base ../../build/luna_description build --build-base /home/jonas/Documents/Kamaro/kamarovision/luna_ws/build/luna_description/build install --record /home/jonas/Documents/Kamaro/kamarovision/luna_ws/build/luna_description/install.log --single-version-externally-managed install_data
