running egg_info
creating ../../build/luna_description/luna_description.egg-info
writing ../../build/luna_description/luna_description.egg-info/PKG-INFO
writing dependency_links to ../../build/luna_description/luna_description.egg-info/dependency_links.txt
writing requirements to ../../build/luna_description/luna_description.egg-info/requires.txt
writing top-level names to ../../build/luna_description/luna_description.egg-info/top_level.txt
writing manifest file '../../build/luna_description/luna_description.egg-info/SOURCES.txt'
reading manifest file '../../build/luna_description/luna_description.egg-info/SOURCES.txt'
writing manifest file '../../build/luna_description/luna_description.egg-info/SOURCES.txt'
running build
running build_py
creating /home/jonas/Documents/Kamaro/kamarovision/luna_ws/build/luna_description/build
creating /home/jonas/Documents/Kamaro/kamarovision/luna_ws/build/luna_description/build/lib
creating /home/jonas/Documents/Kamaro/kamarovision/luna_ws/build/luna_description/build/lib/luna_description
copying luna_description/__init__.py -> /home/jonas/Documents/Kamaro/kamarovision/luna_ws/build/luna_description/build/lib/luna_description
running install
running install_lib
creating /home/jonas/Documents/Kamaro/kamarovision/luna_ws/install/luna_description/lib/python3.12/site-packages/luna_description
copying /home/jonas/Documents/Kamaro/kamarovision/luna_ws/build/luna_description/build/lib/luna_description/__init__.py -> /home/jonas/Documents/Kamaro/kamarovision/luna_ws/install/luna_description/lib/python3.12/site-packages/luna_description
byte-compiling /home/jonas/Documents/Kamaro/kamarovision/luna_ws/install/luna_description/lib/python3.12/site-packages/luna_description/__init__.py to __init__.cpython-312.pyc
running install_data
creating /home/jonas/Documents/Kamaro/kamarovision/luna_ws/install/luna_description/share/ament_index
creating /home/jonas/Documents/Kamaro/kamarovision/luna_ws/install/luna_description/share/ament_index/resource_index
creating /home/jonas/Documents/Kamaro/kamarovision/luna_ws/install/luna_description/share/ament_index/resource_index/packages
copying resource/luna_description -> /home/jonas/Documents/Kamaro/kamarovision/luna_ws/install/luna_description/share/ament_index/resource_index/packages
copying package.xml -> /home/jonas/Documents/Kamaro/kamarovision/luna_ws/install/luna_description/share/luna_description
running install_egg_info
Copying ../../build/luna_description/luna_description.egg-info to /home/jonas/Documents/Kamaro/kamarovision/luna_ws/install/luna_description/lib/python3.12/site-packages/luna_description-0.0.0-py3.12.egg-info
running install_scripts
writing list of installed files to '/home/jonas/Documents/Kamaro/kamarovision/luna_ws/build/luna_description/install.log'
