[0.727s] Invoking command in '/home/jonas/Documents/Kamaro/kamarovision/luna_ws/src/luna_description': DEBUGINFOD_URLS=https://debuginfod.ubuntu.com PYTHONPATH=/home/jonas/Documents/Kamaro/kamarovision/luna_ws/build/luna_description/prefix_override:/usr/lib/python3/dist-packages/colcon_core/task/python/colcon_distutils_commands:/home/jonas/Documents/Kamaro/kamarovision/luna_ws/install/luna_description/lib/python3.12/site-packages:${PYTHONPATH} /usr/bin/python3 -W ignore:setup.py install is deprecated setup.py egg_info --egg-base ../../build/luna_description build --build-base /home/jonas/Documents/Kamaro/kamarovision/luna_ws/build/luna_description/build install --record /home/jonas/Documents/Kamaro/kamarovision/luna_ws/build/luna_description/install.log --single-version-externally-managed install_data
[0.990s] running egg_info
[1.008s] writing ../../build/luna_description/luna_description.egg-info/PKG-INFO
[1.008s] writing dependency_links to ../../build/luna_description/luna_description.egg-info/dependency_links.txt
[1.009s] writing requirements to ../../build/luna_description/luna_description.egg-info/requires.txt
[1.009s] writing top-level names to ../../build/luna_description/luna_description.egg-info/top_level.txt
[1.047s] reading manifest file '../../build/luna_description/luna_description.egg-info/SOURCES.txt'
[1.047s] writing manifest file '../../build/luna_description/luna_description.egg-info/SOURCES.txt'
[1.047s] running build
[1.048s] running build_py
[1.048s] running install
[1.054s] running install_lib
[1.073s] running install_data
[1.073s] copying launch/display.launch.py -> /home/jonas/Documents/Kamaro/kamarovision/luna_ws/install/luna_description/share/luna_description/launch
[1.073s] running install_egg_info
[1.100s] removing '/home/jonas/Documents/Kamaro/kamarovision/luna_ws/install/luna_description/lib/python3.12/site-packages/luna_description-0.0.0-py3.12.egg-info' (and everything under it)
[1.100s] Copying ../../build/luna_description/luna_description.egg-info to /home/jonas/Documents/Kamaro/kamarovision/luna_ws/install/luna_description/lib/python3.12/site-packages/luna_description-0.0.0-py3.12.egg-info
[1.101s] running install_scripts
[1.225s] writing list of installed files to '/home/jonas/Documents/Kamaro/kamarovision/luna_ws/build/luna_description/install.log'
[1.257s] Invoked command in '/home/jonas/Documents/Kamaro/kamarovision/luna_ws/src/luna_description' returned '0': DEBUGINFOD_URLS=https://debuginfod.ubuntu.com PYTHONPATH=/home/jonas/Documents/Kamaro/kamarovision/luna_ws/build/luna_description/prefix_override:/usr/lib/python3/dist-packages/colcon_core/task/python/colcon_distutils_commands:/home/jonas/Documents/Kamaro/kamarovision/luna_ws/install/luna_description/lib/python3.12/site-packages:${PYTHONPATH} /usr/bin/python3 -W ignore:setup.py install is deprecated setup.py egg_info --egg-base ../../build/luna_description build --build-base /home/jonas/Documents/Kamaro/kamarovision/luna_ws/build/luna_description/build install --record /home/jonas/Documents/Kamaro/kamarovision/luna_ws/build/luna_description/install.log --single-version-externally-managed install_data
